
Showing logs for build [32mcb-kubecd-environment-pr-205-77-66gh9-1[0m stage [32mfrom-build-pack[0m and container [32mstep-credential-initializer-mp2dd[0m
{"level":"info","ts":1587315087.8659868,"logger":"fallback-logger","caller":"logging/config.go:69","msg":"Fetch GitHub commit ID from kodata failed: open /var/run/ko/refs/heads/0.8.0-ns-support: no such file or directory"}
{"level":"info","ts":1587315087.8665397,"logger":"fallback-logger","caller":"creds-init/main.go:40","msg":"Credentials initialized."}

Showing logs for build [32mcb-kubecd-environment-pr-205-77-66gh9-1[0m stage [32mfrom-build-pack[0m and container [32mstep-working-dir-initializer-lc94r[0m
{"level":"info","ts":1587315089.218384,"logger":"fallback-logger","caller":"logging/config.go:69","msg":"Fetch GitHub commit ID from kodata failed: open /var/run/ko/HEAD: no such file or directory"}
{"level":"info","ts":1587315089.2197142,"logger":"fallback-logger","caller":"bash/main.go:64","msg":"Successfully executed command \"sh -c mkdir -p /workspace/source\"; output "}

Showing logs for build [32mcb-kubecd-environment-pr-205-77-66gh9-1[0m stage [32mfrom-build-pack[0m and container [32mstep-place-tools[0m

Showing logs for build [32mcb-kubecd-environment-pr-205-77-66gh9-1[0m stage [32mfrom-build-pack[0m and container [32mstep-git-source-cb-kubecd-environment-pr-205-77-66gh9-j66c6[0m
{"level":"info","ts":1587315092.2851944,"logger":"fallback-logger","caller":"logging/config.go:69","msg":"Fetch GitHub commit ID from kodata failed: open /var/run/ko/refs/heads/0.8.0-ns-support: no such file or directory"}
{"level":"info","ts":1587315093.3582299,"logger":"fallback-logger","caller":"git/git.go:103","msg":"Successfully cloned https://github.com/cb-kubecd/environment-pr-205-77-boot-gke-staging.git @ master in path /workspace/source"}

Showing logs for build [32mcb-kubecd-environment-pr-205-77-66gh9-1[0m stage [32mfrom-build-pack[0m and container [32mstep-git-merge[0m
Using SHAs from PULL_REFS=master:2de5e5f7eb647c9957c7f3499910edf6456ed7f5,2:e01f24172e77add4dc18e525d871f974f5669c3a
DEBUG: LC_ALL=C JX_LOG_LEVEL=error git fetch origin --unshallow e01f24172e77add4dc18e525d871f974f5669c3a: 2de5e5f7eb647c9957c7f3499910edf6456ed7f5:
DEBUG: ran git fetch --unshallow origin e01f24172e77add4dc18e525d871f974f5669c3a: 2de5e5f7eb647c9957c7f3499910edf6456ed7f5: in 
DEBUG: JX_LOG_LEVEL=error LC_ALL=C git branch
DEBUG: LC_ALL=C JX_LOG_LEVEL=error git checkout master
DEBUG: ran git checkout master in 
DEBUG: JX_LOG_LEVEL=error LC_ALL=C git reset --hard 2de5e5f7eb647c9957c7f3499910edf6456ed7f5
DEBUG: ran git reset --hard 2de5e5f7eb647c9957c7f3499910edf6456ed7f5 in 
DEBUG: LC_ALL=C JX_LOG_LEVEL=error git clean -fd .
DEBUG: ran clean --force -d . in 
DEBUG: JX_LOG_LEVEL=error LC_ALL=C git merge e01f24172e77add4dc18e525d871f974f5669c3a
DEBUG: ran git merge e01f24172e77add4dc18e525d871f974f5669c3a in 
DEBUG: LC_ALL=C JX_LOG_LEVEL=error git log --format=%H%x1f%an%x1f%ae%x1f%cn%x1f%ce%x1f%s%n%b%x1e 2de5e5f7eb647c9957c7f3499910edf6456ed7f5..HEAD
Merged SHA e01f24172e77add4dc18e525d871f974f5669c3a with commit message 'chore: Promote bdd-nh-1587314727 to version 0.0.1' into base branch master

Showing logs for build [32mcb-kubecd-environment-pr-205-77-66gh9-1[0m stage [32mfrom-build-pack[0m and container [32mstep-build-helm-build[0m
WARNING: No $CHART_REPOSITORY defined so using the default value of: http://jenkins-x-chartmuseum:8080
Adding missing Helm repo: storage.googleapis.com https://storage.googleapis.com/chartmuseum.jenkins-x.io
WARNING: No secrets found on "helm/repos" due: reading the secret "helm/repos" from vault: no secret "helm/repos" not found in vault
Read credentials for https://storage.googleapis.com/chartmuseum.jenkins-x.io from vault helm/repos
Successfully added Helm repository storage.googleapis.com.
Adding missing Helm repo: jenkins-x-chartmuseum http://jenkins-x-chartmuseum:8080
WARNING: No secrets found on "helm/repos" due: reading the secret "helm/repos" from vault: no secret "helm/repos" not found in vault
Read credentials for http://jenkins-x-chartmuseum:8080 from vault helm/repos
Successfully added Helm repository jenkins-x-chartmuseum.
WARNING: No $CHART_REPOSITORY defined so using the default value of: http://jenkins-x-chartmuseum:8080
Adding missing Helm repo: chartmuseum.jenkins-x.io http://chartmuseum.jenkins-x.io
WARNING: No secrets found on "helm/repos" due: reading the secret "helm/repos" from vault: no secret "helm/repos" not found in vault
Read credentials for http://chartmuseum.jenkins-x.io from vault helm/repos
Successfully added Helm repository chartmuseum.jenkins-x.io.
