
Showing logs for build [32mcb-kubecd-environment-pr-205-77-g74zn-1[0m stage [32mfrom-build-pack[0m and container [32mstep-credential-initializer-6gdrg[0m
{"level":"info","ts":1587315673.6184454,"logger":"fallback-logger","caller":"logging/config.go:69","msg":"Fetch GitHub commit ID from kodata failed: open /var/run/ko/refs/heads/0.8.0-ns-support: no such file or directory"}
{"level":"info","ts":1587315673.6193116,"logger":"fallback-logger","caller":"creds-init/main.go:40","msg":"Credentials initialized."}

Showing logs for build [32mcb-kubecd-environment-pr-205-77-g74zn-1[0m stage [32mfrom-build-pack[0m and container [32mstep-working-dir-initializer-bvwq8[0m
{"level":"info","ts":1587315674.6629708,"logger":"fallback-logger","caller":"logging/config.go:69","msg":"Fetch GitHub commit ID from kodata failed: open /var/run/ko/HEAD: no such file or directory"}
{"level":"info","ts":1587315674.6742477,"logger":"fallback-logger","caller":"bash/main.go:64","msg":"Successfully executed command \"sh -c mkdir -p /workspace/source\"; output "}

Showing logs for build [32mcb-kubecd-environment-pr-205-77-g74zn-1[0m stage [32mfrom-build-pack[0m and container [32mstep-place-tools[0m

Showing logs for build [32mcb-kubecd-environment-pr-205-77-g74zn-1[0m stage [32mfrom-build-pack[0m and container [32mstep-git-source-cb-kubecd-environment-pr-205-77-g74zn-6jm5l[0m
{"level":"info","ts":1587315680.0676293,"logger":"fallback-logger","caller":"logging/config.go:69","msg":"Fetch GitHub commit ID from kodata failed: open /var/run/ko/refs/heads/0.8.0-ns-support: no such file or directory"}
{"level":"info","ts":1587315681.2622561,"logger":"fallback-logger","caller":"git/git.go:103","msg":"Successfully cloned https://github.com/cb-kubecd/environment-pr-205-77-boot-gke-staging.git @ master in path /workspace/source"}

Showing logs for build [32mcb-kubecd-environment-pr-205-77-g74zn-1[0m stage [32mfrom-build-pack[0m and container [32mstep-git-merge[0m
Using SHAs from PULL_REFS=master:f0db773901b515d9d967ae97fb2983b1514f0b93,3:ed7dd44bdec14de2780502b221f26381ab82ce28
DEBUG: LC_ALL=C JX_LOG_LEVEL=error git fetch origin --unshallow ed7dd44bdec14de2780502b221f26381ab82ce28: f0db773901b515d9d967ae97fb2983b1514f0b93:
DEBUG: ran git fetch --unshallow origin ed7dd44bdec14de2780502b221f26381ab82ce28: f0db773901b515d9d967ae97fb2983b1514f0b93: in 
DEBUG: LC_ALL=C JX_LOG_LEVEL=error git branch
DEBUG: LC_ALL=C JX_LOG_LEVEL=error git checkout master
DEBUG: ran git checkout master in 
DEBUG: LC_ALL=C JX_LOG_LEVEL=error git reset --hard f0db773901b515d9d967ae97fb2983b1514f0b93
DEBUG: ran git reset --hard f0db773901b515d9d967ae97fb2983b1514f0b93 in 
DEBUG: JX_LOG_LEVEL=error LC_ALL=C git clean -fd .
DEBUG: ran clean --force -d . in 
DEBUG: LC_ALL=C JX_LOG_LEVEL=error git merge ed7dd44bdec14de2780502b221f26381ab82ce28
DEBUG: ran git merge ed7dd44bdec14de2780502b221f26381ab82ce28 in 
DEBUG: LC_ALL=C JX_LOG_LEVEL=error git log --format=%H%x1f%an%x1f%ae%x1f%cn%x1f%ce%x1f%s%n%b%x1e f0db773901b515d9d967ae97fb2983b1514f0b93..HEAD
Merged SHA ed7dd44bdec14de2780502b221f26381ab82ce28 with commit message 'chore: Promote bdd-gh-1587314727 to version 0.0.1' into base branch master

Showing logs for build [32mcb-kubecd-environment-pr-205-77-g74zn-1[0m stage [32mfrom-build-pack[0m and container [32mstep-build-helm-build[0m
WARNING: No $CHART_REPOSITORY defined so using the default value of: http://jenkins-x-chartmuseum:8080
Adding missing Helm repo: storage.googleapis.com https://storage.googleapis.com/chartmuseum.jenkins-x.io
WARNING: No secrets found on "helm/repos" due: reading the secret "helm/repos" from vault: no secret "helm/repos" not found in vault
Read credentials for https://storage.googleapis.com/chartmuseum.jenkins-x.io from vault helm/repos
Successfully added Helm repository storage.googleapis.com.
Adding missing Helm repo: jenkins-x-chartmuseum http://jenkins-x-chartmuseum:8080
WARNING: No secrets found on "helm/repos" due: reading the secret "helm/repos" from vault: no secret "helm/repos" not found in vault
Read credentials for http://jenkins-x-chartmuseum:8080 from vault helm/repos
Successfully added Helm repository jenkins-x-chartmuseum.
WARNING: No $CHART_REPOSITORY defined so using the default value of: http://jenkins-x-chartmuseum:8080
Adding missing Helm repo: chartmuseum.jenkins-x.io http://chartmuseum.jenkins-x.io
WARNING: No secrets found on "helm/repos" due: reading the secret "helm/repos" from vault: no secret "helm/repos" not found in vault
Read credentials for http://chartmuseum.jenkins-x.io from vault helm/repos
Successfully added Helm repository chartmuseum.jenkins-x.io.
