
Showing logs for build [32mcb-kubecd-environment-pr-205-77-zhv46-1[0m stage [32mfrom-build-pack[0m and container [32mstep-credential-initializer-ndwxk[0m
{"level":"info","ts":1587319015.8925688,"logger":"fallback-logger","caller":"logging/config.go:69","msg":"Fetch GitHub commit ID from kodata failed: open /var/run/ko/refs/heads/0.8.0-ns-support: no such file or directory"}
{"level":"info","ts":1587319015.8949518,"logger":"fallback-logger","caller":"creds-init/main.go:40","msg":"Credentials initialized."}

Showing logs for build [32mcb-kubecd-environment-pr-205-77-zhv46-1[0m stage [32mfrom-build-pack[0m and container [32mstep-working-dir-initializer-frwvx[0m
{"level":"info","ts":1587319017.5257337,"logger":"fallback-logger","caller":"logging/config.go:69","msg":"Fetch GitHub commit ID from kodata failed: open /var/run/ko/HEAD: no such file or directory"}
{"level":"info","ts":1587319017.5276544,"logger":"fallback-logger","caller":"bash/main.go:64","msg":"Successfully executed command \"sh -c mkdir -p /workspace/source\"; output "}

Showing logs for build [32mcb-kubecd-environment-pr-205-77-zhv46-1[0m stage [32mfrom-build-pack[0m and container [32mstep-place-tools[0m

Showing logs for build [32mcb-kubecd-environment-pr-205-77-zhv46-1[0m stage [32mfrom-build-pack[0m and container [32mstep-git-source-cb-kubecd-environment-pr-205-77-zhv46-tgqtx[0m
{"level":"info","ts":1587319024.0210357,"logger":"fallback-logger","caller":"logging/config.go:69","msg":"Fetch GitHub commit ID from kodata failed: open /var/run/ko/refs/heads/0.8.0-ns-support: no such file or directory"}
{"level":"info","ts":1587319025.164965,"logger":"fallback-logger","caller":"git/git.go:103","msg":"Successfully cloned https://github.com/cb-kubecd/environment-pr-205-77-boot-gke-staging.git @ master in path /workspace/source"}

Showing logs for build [32mcb-kubecd-environment-pr-205-77-zhv46-1[0m stage [32mfrom-build-pack[0m and container [32mstep-git-merge[0m
Using SHAs from PULL_REFS=master:d9d9b38bf9289d8bf3b11d389bf5803ad05ec81f,8:2299225cd66bc3d1bd0865c1e9e0128f9ee0dd69
DEBUG: LC_ALL=C JX_LOG_LEVEL=error git fetch origin --unshallow 2299225cd66bc3d1bd0865c1e9e0128f9ee0dd69: d9d9b38bf9289d8bf3b11d389bf5803ad05ec81f:
DEBUG: ran git fetch --unshallow origin 2299225cd66bc3d1bd0865c1e9e0128f9ee0dd69: d9d9b38bf9289d8bf3b11d389bf5803ad05ec81f: in 
DEBUG: LC_ALL=C JX_LOG_LEVEL=error git branch
DEBUG: LC_ALL=C JX_LOG_LEVEL=error git checkout master
DEBUG: ran git checkout master in 
DEBUG: LC_ALL=C JX_LOG_LEVEL=error git reset --hard d9d9b38bf9289d8bf3b11d389bf5803ad05ec81f
DEBUG: ran git reset --hard d9d9b38bf9289d8bf3b11d389bf5803ad05ec81f in 
DEBUG: LC_ALL=C JX_LOG_LEVEL=error git clean -fd .
DEBUG: ran clean --force -d . in 
DEBUG: LC_ALL=C JX_LOG_LEVEL=error git merge 2299225cd66bc3d1bd0865c1e9e0128f9ee0dd69
DEBUG: ran git merge 2299225cd66bc3d1bd0865c1e9e0128f9ee0dd69 in 
DEBUG: LC_ALL=C JX_LOG_LEVEL=error git log --format=%H%x1f%an%x1f%ae%x1f%cn%x1f%ce%x1f%s%n%b%x1e d9d9b38bf9289d8bf3b11d389bf5803ad05ec81f..HEAD
Merged SHA 2299225cd66bc3d1bd0865c1e9e0128f9ee0dd69 with commit message 'chore: Promote bdd-sbhg-import-1587317073 to version 0.0.1' into base branch master

Showing logs for build [32mcb-kubecd-environment-pr-205-77-zhv46-1[0m stage [32mfrom-build-pack[0m and container [32mstep-build-helm-build[0m
WARNING: No $CHART_REPOSITORY defined so using the default value of: http://jenkins-x-chartmuseum:8080
Adding missing Helm repo: storage.googleapis.com https://storage.googleapis.com/chartmuseum.jenkins-x.io
WARNING: No secrets found on "helm/repos" due: reading the secret "helm/repos" from vault: no secret "helm/repos" not found in vault
Read credentials for https://storage.googleapis.com/chartmuseum.jenkins-x.io from vault helm/repos
Successfully added Helm repository storage.googleapis.com.
Adding missing Helm repo: jenkins-x-chartmuseum http://jenkins-x-chartmuseum:8080
WARNING: No secrets found on "helm/repos" due: reading the secret "helm/repos" from vault: no secret "helm/repos" not found in vault
Read credentials for http://jenkins-x-chartmuseum:8080 from vault helm/repos
Successfully added Helm repository jenkins-x-chartmuseum.
WARNING: No $CHART_REPOSITORY defined so using the default value of: http://jenkins-x-chartmuseum:8080
Adding missing Helm repo: chartmuseum.jenkins-x.io http://chartmuseum.jenkins-x.io
WARNING: No secrets found on "helm/repos" due: reading the secret "helm/repos" from vault: no secret "helm/repos" not found in vault
Read credentials for http://chartmuseum.jenkins-x.io from vault helm/repos
Successfully added Helm repository chartmuseum.jenkins-x.io.
